2024-10-18 17:52:10 [31merror[39m: user not find creating...
2024-10-18 19:20:58 [31merror[39m: Error getting all users
2024-10-18 19:20:58 [31merror[39m: Unhandled Rejection at:
2024-10-18 19:20:58 [31merror[39m: Error caught in unhandled rejection: Cannot read properties of undefined (reading 'emit')
2024-10-18 19:20:58 [31merror[39m: Error getting all users
2024-10-18 19:20:58 [31merror[39m: Unhandled Rejection at:
2024-10-18 19:20:58 [31merror[39m: Error caught in unhandled rejection: Cannot read properties of undefined (reading 'emit')
2024-10-18 19:32:23 [31merror[39m: Error finding or creating user
2024-10-18 19:32:23 [31merror[39m: Error handling connection
2024-10-19 10:43:57 [31merror[39m: Unhandled Rejection at:
2024-10-19 10:43:57 [31merror[39m: Error caught in unhandled rejection: Cannot read properties of undefined (reading 'extractBearerToken')
2024-10-19 12:53:00 [31merror[39m: Error getting conversation
2024-10-19 12:53:01 [31merror[39m: Error getting conversation
2024-10-19 12:54:54 [31merror[39m: Error getting conversation
2024-10-19 14:55:28 [31merror[39m: Unhandled Rejection:
2024-10-19 14:57:09 [31merror[39m: Unhandled Rejection:
2024-10-19 14:57:10 [31merror[39m: Failed to connect to Redis: Reached the max retries per request limit (which is 3). Refer to "maxRetriesPerRequest" option for details.
2024-10-19 14:57:48 [31merror[39m: Unhandled Rejection:
2024-10-19 14:58:33 [31merror[39m: Unhandled Rejection:
2024-10-19 14:59:13 [31merror[39m: Unhandled Rejection:
2024-10-19 14:59:22 [31merror[39m: Unhandled Rejection:
2024-10-19 14:59:26 [31merror[39m: Unhandled Rejection:
2024-10-19 14:59:30 [31merror[39m: Unhandled Rejection:
2024-10-19 15:00:00 [31merror[39m: Unhandled Rejection:
2024-10-19 15:00:10 [31merror[39m: Unhandled Rejection:
2024-10-19 15:00:11 [31merror[39m: Failed to connect to Redis: Reached the max retries per request limit (which is 3). Refer to "maxRetriesPerRequest" option for details.
2024-10-19 15:00:11 [31merror[39m: Unhandled Rejection:
2024-10-19 15:00:18 [31merror[39m: Unhandled Rejection:
2024-10-19 15:00:35 [31merror[39m: Unhandled Rejection:
2024-10-19 15:07:16 [31merror[39m: Unhandled Rejection:
2024-10-19 15:07:24 [31merror[39m: Unhandled Rejection:
2024-10-19 15:07:37 [31merror[39m: Unhandled Rejection:
2024-10-19 15:07:53 [31merror[39m: Unhandled Rejection:
2024-10-19 15:08:59 [31merror[39m: Unhandled Rejection:
2024-10-19 15:09:27 [31merror[39m: Unhandled Rejection:
2024-10-19 15:11:01 [31merror[39m: Unhandled Rejection:
2024-10-19 15:11:01 [31merror[39m: Failed to connect to Redis: Reached the max retries per request limit (which is 3). Refer to "maxRetriesPerRequest" option for details.
2024-10-19 15:11:01 [31merror[39m: Unhandled Rejection:
2024-10-19 15:11:26 [31merror[39m: Unhandled Rejection:
2024-10-19 15:11:48 [31merror[39m: Unhandled Rejection:
2024-10-19 15:12:48 [31merror[39m: Unhandled Rejection:
2024-10-19 15:12:58 [31merror[39m: Unhandled Rejection:
2024-10-19 15:12:58 [31merror[39m: Failed to connect to Redis: Reached the max retries per request limit (which is 3). Refer to "maxRetriesPerRequest" option for details.
2024-10-19 15:12:59 [31merror[39m: Unhandled Rejection:
2024-10-19 15:13:13 [31merror[39m: Unhandled Rejection:
2024-10-19 15:19:34 [31merror[39m: Unhandled Rejection:
2024-10-19 15:19:34 [31merror[39m: Unhandled Rejection:
2024-10-19 15:19:55 [31merror[39m: Unhandled Rejection:
2024-10-19 15:19:55 [31merror[39m: Unhandled Rejection:
2024-10-19 15:22:16 [31merror[39m: Error getting conversation
2024-10-19 15:22:16 [31merror[39m: Error getting conversation
2024-10-19 16:00:46 [31merror[39m: Error getting conversation
2024-10-19 16:00:46 [31merror[39m: Error getting conversation
2024-10-19 16:00:54 [31merror[39m: Error getting conversation
2024-10-19 16:00:54 [31merror[39m: Error getting conversation
2024-10-19 16:46:45 [31merror[39m: Error getting conversation
2024-10-19 16:46:46 [31merror[39m: Error getting conversation
2024-10-19 16:46:49 [31merror[39m: Error getting conversation
2024-10-19 16:47:07 [31merror[39m: Error getting conversation
2024-10-19 17:06:25 [31merror[39m: Error getting conversation
2024-10-19 17:06:25 [31merror[39m: Error getting conversation
2024-10-19 17:06:44 [31merror[39m: Error getting conversation
2024-10-19 17:06:44 [31merror[39m: Error getting conversation
2024-10-19 17:19:01 [31merror[39m: Error getting conversation
2024-10-19 17:19:01 [31merror[39m: Error getting conversation
2024-10-19 17:19:22 [31merror[39m: Failed to connect to database Too many database connections opened: FATAL: remaining connection slots are reserved for non-replication superuser connections
2024-10-19 17:19:22 [31merror[39m: Unhandled Rejection:
2024-10-19 17:30:42 [31merror[39m: Failed to create message 
Invalid `this.prisma.message.create()` invocation in
C:\Users\ajays\mos\my-app\messages\dist\services\prisma.service.js:157:59

  154 createMessage(senderId, receiverId, content, conversationId) {
  155     return __awaiter(this, void 0, void 0, function* () {
  156         try {
→ 157             const message = yield this.prisma.message.create(
Foreign key constraint violated: `Message_senderId_fkey (index)`
2024-10-19 17:30:42 [31merror[39m: Error processing message
2024-10-19 17:30:42 [31merror[39m: Error processing job: 
Invalid `this.prisma.message.create()` invocation in
C:\Users\ajays\mos\my-app\messages\dist\services\prisma.service.js:157:59

  154 createMessage(senderId, receiverId, content, conversationId) {
  155     return __awaiter(this, void 0, void 0, function* () {
  156         try {
→ 157             const message = yield this.prisma.message.create(
Foreign key constraint violated: `Message_senderId_fkey (index)`
2024-10-19 17:30:45 [31merror[39m: Failed to create message 
Invalid `this.prisma.message.create()` invocation in
C:\Users\ajays\mos\my-app\messages\dist\services\prisma.service.js:157:59

  154 createMessage(senderId, receiverId, content, conversationId) {
  155     return __awaiter(this, void 0, void 0, function* () {
  156         try {
→ 157             const message = yield this.prisma.message.create(
Foreign key constraint violated: `Message_senderId_fkey (index)`
2024-10-19 17:30:45 [31merror[39m: Error processing message
2024-10-19 17:30:45 [31merror[39m: Error processing job: 
Invalid `this.prisma.message.create()` invocation in
C:\Users\ajays\mos\my-app\messages\dist\services\prisma.service.js:157:59

  154 createMessage(senderId, receiverId, content, conversationId) {
  155     return __awaiter(this, void 0, void 0, function* () {
  156         try {
→ 157             const message = yield this.prisma.message.create(
Foreign key constraint violated: `Message_senderId_fkey (index)`
2024-10-19 17:40:08 [31merror[39m: Error handling connection
2024-10-19 17:41:47 [31merror[39m: Error getting conversation
2024-10-19 17:41:47 [31merror[39m: Error getting conversation
2024-10-19 18:06:40 [31merror[39m: Error getting conversation
2024-10-19 18:06:40 [31merror[39m: Error getting conversation
2024-10-19 18:10:22 [31merror[39m: Error getting conversation
2024-10-19 18:10:22 [31merror[39m: Error getting conversation
2024-10-19 18:10:44 [31merror[39m: Error getting conversation
2024-10-19 18:10:44 [31merror[39m: Error getting conversation
2024-10-19 18:14:13 [31merror[39m: Error getting conversation
2024-10-19 18:14:13 [31merror[39m: Error getting conversation
2024-10-19 18:21:57 [31merror[39m: Error getting conversation
2024-10-19 18:21:57 [31merror[39m: Error getting conversation
2024-10-19 18:23:29 [31merror[39m: Error getting conversation
2024-10-19 18:23:29 [31merror[39m: Error getting conversation
